# JRE version: OpenJDK Runtime Environment (11.0.11+9) (build 11.0.11+9-b60-7590822)
# Java VM: OpenJDK 64-Bit Server VM (11.0.11+9-b60-7590822, mixed mode, tiered, compressed oops, g1 gc, windows-amd64)
Heap:
 garbage-first heap   total 312320K, used 140281K [0x0000000080000000, 0x0000000100000000)
  region size 1024K, 6 young (6144K), 6 survivors (6144K)
 Metaspace       used 128732K, capacity 132135K, committed 132392K, reserved 1183744K
  class space    used 15863K, capacity 17075K, committed 17272K, reserved 1048576K
GC Heap History (20 events):
Event: 2186.944 GC heap before
{Heap before GC invocations=34 (full 0):
 garbage-first heap   total 260096K, used 215550K [0x0000000080000000, 0x0000000100000000)
  region size 1024K, 42 young (43008K), 1 survivors (1024K)
 Metaspace       used 119207K, capacity 122513K, committed 123048K, reserved 1157120K
  class space    used 14948K, capacity 16117K, committed 16376K, reserved 1048576K
}
Event: 2186.946 GC heap after
{Heap after GC invocations=35 (full 0):
 garbage-first heap   total 260096K, used 173224K [0x0000000080000000, 0x0000000100000000)
  region size 1024K, 1 young (1024K), 1 survivors (1024K)
 Metaspace       used 119207K, capacity 122513K, committed 123048K, reserved 1157120K
  class space    used 14948K, capacity 16117K, committed 16376K, reserved 1048576K
}
Event: 2187.210 GC heap before
{Heap before GC invocations=36 (full 0):
 garbage-first heap   total 260096K, used 233640K [0x0000000080000000, 0x0000000100000000)
  region size 1024K, 44 young (45056K), 1 survivors (1024K)
 Metaspace       used 119528K, capacity 122831K, committed 123304K, reserved 1157120K
  class space    used 14969K, capacity 16155K, committed 16376K, reserved 1048576K
}
Event: 2187.214 GC heap after
{Heap after GC invocations=37 (full 0):
 garbage-first heap   total 260096K, used 173313K [0x0000000080000000, 0x0000000100000000)
  region size 1024K, 1 young (1024K), 1 survivors (1024K)
 Metaspace       used 119528K, capacity 122831K, committed 123304K, reserved 1157120K
  class space    used 14969K, capacity 16155K, committed 16376K, reserved 1048576K
}
Event: 2187.266 GC heap before
{Heap before GC invocations=37 (full 0):
 garbage-first heap   total 260096K, used 183553K [0x0000000080000000, 0x0000000100000000)
  region size 1024K, 12 young (12288K), 1 survivors (1024K)
 Metaspace       used 119627K, capacity 122955K, committed 123304K, reserved 1157120K
  class space    used 14978K, capacity 16167K, committed 16376K, reserved 1048576K
}
Event: 2187.268 GC heap after
{Heap after GC invocations=38 (full 0):
 garbage-first heap   total 260096K, used 174493K [0x0000000080000000, 0x0000000100000000)
  region size 1024K, 2 young (2048K), 2 survivors (2048K)
 Metaspace       used 119627K, capacity 122955K, committed 123304K, reserved 1157120K
  class space    used 14978K, capacity 16167K, committed 16376K, reserved 1048576K
}
Event: 2187.532 GC heap before
{Heap before GC invocations=38 (full 0):
 garbage-first heap   total 260096K, used 218525K [0x0000000080000000, 0x0000000100000000)
  region size 1024K, 46 young (47104K), 2 survivors (2048K)
 Metaspace       used 123112K, capacity 126443K, committed 126888K, reserved 1159168K
  class space    used 15249K, capacity 16425K, committed 16632K, reserved 1048576K
}
Event: 2187.537 GC heap after
{Heap after GC invocations=39 (full 0):
 garbage-first heap   total 260096K, used 180045K [0x0000000080000000, 0x0000000100000000)
  region size 1024K, 6 young (6144K), 6 survivors (6144K)
 Metaspace       used 123112K, capacity 126443K, committed 126888K, reserved 1159168K
  class space    used 15249K, capacity 16425K, committed 16632K, reserved 1048576K
}
Event: 2187.671 GC heap before
{Heap before GC invocations=39 (full 0):
 garbage-first heap   total 260096K, used 221005K [0x0000000080000000, 0x0000000100000000)
  region size 1024K, 46 young (47104K), 6 survivors (6144K)
 Metaspace       used 124035K, capacity 127339K, committed 127784K, reserved 1161216K
  class space    used 15310K, capacity 16489K, committed 16760K, reserved 1048576K
}
Event: 2187.678 GC heap after
{Heap after GC invocations=40 (full 0):
 garbage-first heap   total 260096K, used 184926K [0x0000000080000000, 0x0000000100000000)
  region size 1024K, 6 young (6144K), 6 survivors (6144K)
 Metaspace       used 124035K, capacity 127339K, committed 127784K, reserved 1161216K
  class space    used 15310K, capacity 16489K, committed 16760K, reserved 1048576K
}
Event: 2187.769 GC heap before
{Heap before GC invocations=40 (full 0):
 garbage-first heap   total 260096K, used 203358K [0x0000000080000000, 0x0000000100000000)
  region size 1024K, 25 young (25600K), 6 survivors (6144K)
 Metaspace       used 124253K, capacity 127531K, committed 128040K, reserved 1161216K
  class space    used 15322K, capacity 16489K, committed 16760K, reserved 1048576K
}
Event: 2187.773 GC heap after
{Heap after GC invocations=41 (full 0):
 garbage-first heap   total 260096K, used 182184K [0x0000000080000000, 0x0000000100000000)
  region size 1024K, 1 young (1024K), 1 survivors (1024K)
 Metaspace       used 124253K, capacity 127531K, committed 128040K, reserved 1161216K
  class space    used 15322K, capacity 16489K, committed 16760K, reserved 1048576K
}
Event: 2188.250 GC heap before
{Heap before GC invocations=42 (full 0):
 garbage-first heap   total 260096K, used 213928K [0x0000000080000000, 0x0000000100000000)
  region size 1024K, 40 young (40960K), 1 survivors (1024K)
 Metaspace       used 124954K, capacity 128378K, committed 128680K, reserved 1161216K
  class space    used 15388K, capacity 16596K, committed 16888K, reserved 1048576K
}
Event: 2188.254 GC heap after
{Heap after GC invocations=43 (full 0):
 garbage-first heap   total 260096K, used 161726K [0x0000000080000000, 0x0000000100000000)
  region size 1024K, 2 young (2048K), 2 survivors (2048K)
 Metaspace       used 124954K, capacity 128378K, committed 128680K, reserved 1161216K
  class space    used 15388K, capacity 16596K, committed 16888K, reserved 1048576K
}
Event: 2188.386 GC heap before
{Heap before GC invocations=43 (full 0):
 garbage-first heap   total 260096K, used 170942K [0x0000000080000000, 0x0000000100000000)
  region size 1024K, 12 young (12288K), 2 survivors (2048K)
 Metaspace       used 125048K, capacity 128443K, committed 128936K, reserved 1161216K
  class space    used 15400K, capacity 16596K, committed 16888K, reserved 1048576K
}
Event: 2188.392 GC heap after
{Heap after GC invocations=44 (full 0):
 garbage-first heap   total 260096K, used 140861K [0x0000000080000000, 0x0000000100000000)
  region size 1024K, 1 young (1024K), 1 survivors (1024K)
 Metaspace       used 125048K, capacity 128443K, committed 128936K, reserved 1161216K
  class space    used 15400K, capacity 16596K, committed 16888K, reserved 1048576K
}
Event: 2188.517 GC heap before
{Heap before GC invocations=44 (full 0):
 garbage-first heap   total 260096K, used 151101K [0x0000000080000000, 0x0000000100000000)
  region size 1024K, 12 young (12288K), 1 survivors (1024K)
 Metaspace       used 125167K, capacity 128567K, committed 128936K, reserved 1161216K
  class space    used 15413K, capacity 16635K, committed 16888K, reserved 1048576K
}
Event: 2188.528 GC heap after
{Heap after GC invocations=45 (full 0):
 garbage-first heap   total 312320K, used 135570K [0x0000000080000000, 0x0000000100000000)
  region size 1024K, 2 young (2048K), 2 survivors (2048K)
 Metaspace       used 125167K, capacity 128567K, committed 128936K, reserved 1161216K
  class space    used 15413K, capacity 16635K, committed 16888K, reserved 1048576K
}
Event: 2190.038 GC heap before
{Heap before GC invocations=45 (full 0):
 garbage-first heap   total 312320K, used 215442K [0x0000000080000000, 0x0000000100000000)
  region size 1024K, 82 young (83968K), 2 survivors (2048K)
 Metaspace       used 128732K, capacity 132135K, committed 132392K, reserved 1181696K
  class space    used 15863K, capacity 17075K, committed 17272K, reserved 1048576K
}
Event: 2190.042 GC heap after
{Heap after GC invocations=46 (full 0):
 garbage-first heap   total 312320K, used 140281K [0x0000000080000000, 0x0000000100000000)
  region size 1024K, 6 young (6144K), 6 survivors (6144K)
 Metaspace       used 128732K, capacity 132135K, committed 132392K, reserved 1181696K
  class space    used 15863K, capacity 17075K, committed 17272K, reserved 1048576K
}

